<?xml version="1.0" encoding="UTF-8"?>
<testsuite xmlns:xsi="http://www.w3.org/2001/XMLSchema-instance" xsi:noNamespaceSchemaLocation="https://maven.apache.org/surefire/maven-surefire-plugin/xsd/surefire-test-report-3.0.xsd" version="3.0" name="TestSuite" time="43.408" tests="2" errors="0" skipped="0" failures="0">
  <properties>
[...]
</properties>
  <testcase name="Verify_addnewBrand" classname="com.PS.TestCases.TC_MainMaster_Brand" time="10.085">
    <system-out><![CDATA[=========== Test Execution Started ===========
18:25:00.876 [main] INFO  base.BaseTest.setUp - Chrome Broswer opening
18:25:02.918 [main] INFO  base.BaseTest.setUp - Loading URL
18:25:07.450 [main] INFO  reusable_methods.LoginHelper.Login - ------------- Login: Pallavi Swadi -------------
18:25:07.467 [main] INFO  reusable_methods.LoginHelper.Login - Entering Username
18:25:07.565 [main] INFO  reusable_methods.LoginHelper.Login - Entering Password
18:25:07.657 [main] INFO  reusable_methods.LoginHelper.Login - clicking on Loging button
18:25:07.765 [main] INFO  com.PS.TestCases.TC_MainMaster_Brand.Verify_addnewBrand - >>>>>>>>>>> Verify Add New Brand Funcitonaoity <<<<<<<<<<<<<< 
18:25:07.769 [main] INFO  com.PS.TestCases.TC_MainMaster_Brand.Verify_addnewBrand - Clicking to Brand Master
18:25:16.555 [main] INFO  com.PS.TestCases.TC_MainMaster_Brand.Verify_addnewBrand - Clicking on New Brand
18:25:16.626 [main] INFO  com.PS.TestCases.TC_MainMaster_Brand.Verify_addnewBrand - Entering Brand Name
18:25:16.740 [main] INFO  com.PS.TestCases.TC_MainMaster_Brand.Verify_addnewBrand - Uploding Brand Logo
18:25:16.805 [main] INFO  com.PS.TestCases.TC_MainMaster_Brand.Verify_addnewBrand - Clicking on Create Button
18:25:16.957 [main] INFO  com.PS.TestCases.TC_MainMaster_Brand.Verify_addnewBrand - Checking is Brand created 
Test PASSED: Verify_addnewBrand
]]></system-out>
    <system-err><![CDATA[[main] WARN org.testng.xml.TestNGContentHandler - It is strongly recommended to add "<!DOCTYPE suite SYSTEM "https://testng.org/testng-1.1.dtd" >" at the top of the suite file [/Users/tushar/Desktop/umesh Workspace/Automation_Framework/EPR_PallaviSwadi/testng.xml] otherwise TestNG may fail or not work as expected.
[main] INFO io.github.bonigarcia.wdm.WebDriverManager - Using chromedriver 143.0.7499.169 (resolved driver for Chrome 143)
[main] INFO io.github.bonigarcia.wdm.WebDriverManager - Exporting webdriver.chrome.driver as /Users/tushar/.cache/selenium/chromedriver/mac64/143.0.7499.169/chromedriver
Jan 03, 2026 6:25:02 PM org.openqa.selenium.devtools.CdpVersionFinder findNearestMatch
WARNING: Unable to find CDP implementation matching 143
Jan 03, 2026 6:25:02 PM org.openqa.selenium.chromium.ChromiumDriver lambda$new$5
WARNING: Unable to find version of CDP to use for 143.0.7499.170. You may need to include a dependency on a specific version of the CDP using something similar to `org.seleniumhq.selenium:selenium-devtools-v86:4.25.0` where the version ("v86") matches the version of the chromium-based browser you're using and the version number of the artifact is the same as Selenium's.
]]></system-err>
  </testcase>
  <testcase name="deleteCreatedBrand" classname="com.PS.TestCases.TC_MainMaster_Brand" time="14.019">
    <system-out><![CDATA[18:25:20.123 [main] INFO  base.BaseTest.setUp - Chrome Broswer opening
18:25:21.771 [main] INFO  base.BaseTest.setUp - Loading URL
18:25:25.532 [main] INFO  reusable_methods.LoginHelper.Login - ------------- Login: Pallavi Swadi -------------
18:25:25.533 [main] INFO  reusable_methods.LoginHelper.Login - Entering Username
18:25:25.622 [main] INFO  reusable_methods.LoginHelper.Login - Entering Password
18:25:25.720 [main] INFO  reusable_methods.LoginHelper.Login - clicking on Loging button
18:25:25.819 [main] INFO  com.PS.TestCases.TC_MainMaster_Brand.deleteCreatedBrand - Navigating to Brand Master
18:25:39.270 [main] INFO  com.PS.TestCases.TC_MainMaster_Brand.deleteCreatedBrand - Navigate to List of Brand
18:25:39.361 [main] INFO  com.PS.TestCases.TC_MainMaster_Brand.deleteCreatedBrand - Finding recently Added Brand...
18:25:39.404 [main] INFO  com.PS.TestCases.TC_MainMaster_Brand.deleteCreatedBrand - Brand Found
18:25:39.405 [main] INFO  com.PS.TestCases.TC_MainMaster_Brand.deleteCreatedBrand - clicking on Delete button
18:25:39.580 [main] INFO  com.PS.TestCases.TC_MainMaster_Brand.deleteCreatedBrand - Clicking Confirm Delete button..
18:25:39.832 [main] INFO  com.PS.TestCases.TC_MainMaster_Brand.deleteCreatedBrand - Brand Deleted Successfully: Pallavi Swadi
Test PASSED: deleteCreatedBrand
]]></system-out>
    <system-err><![CDATA[[main] INFO io.github.bonigarcia.wdm.WebDriverManager - Using chromedriver 143.0.7499.169 (resolved driver for Chrome 143)
[main] INFO io.github.bonigarcia.wdm.WebDriverManager - Exporting webdriver.chrome.driver as /Users/tushar/.cache/selenium/chromedriver/mac64/143.0.7499.169/chromedriver
Jan 03, 2026 6:25:21 PM org.openqa.selenium.devtools.CdpVersionFinder findNearestMatch
WARNING: Unable to find CDP implementation matching 143
Jan 03, 2026 6:25:21 PM org.openqa.selenium.chromium.ChromiumDriver lambda$new$5
WARNING: Unable to find version of CDP to use for 143.0.7499.170. You may need to include a dependency on a specific version of the CDP using something similar to `org.seleniumhq.selenium:selenium-devtools-v86:4.25.0` where the version ("v86") matches the version of the chromium-based browser you're using and the version number of the artifact is the same as Selenium's.
]]></system-err>
  </testcase>
</testsuite>