<?xml version="1.0" encoding="UTF-8"?>
<testng-results ignored="0" total="2" passed="2" failed="0" skipped="0">
  <reporter-output>
  </reporter-output>
  <suite started-at="2026-01-03T18:25:00 IST" name="Suite" finished-at="2026-01-03T18:25:42 IST" duration-ms="41965">
    <groups>
    </groups>
    <test started-at="2026-01-03T18:25:00 IST" name="Test" finished-at="2026-01-03T18:25:42 IST" duration-ms="41965">
      <class name="com.PS.TestCases.TC_MainMaster_Brand">
        <test-method is-config="true" signature="setUp()[pri:0, instance:com.PS.TestCases.TC_MainMaster_Brand@604c5de8]" started-at="2026-01-03T18:25:00 IST" name="setUp" finished-at="2026-01-03T18:25:07 IST" duration-ms="7374" status="PASS">
          <reporter-output>
          </reporter-output>
        </test-method> <!-- setUp -->
        <test-method signature="Verify_addnewBrand()[pri:0, instance:com.PS.TestCases.TC_MainMaster_Brand@604c5de8]" started-at="2026-01-03T18:25:07 IST" name="Verify_addnewBrand" finished-at="2026-01-03T18:25:17 IST" duration-ms="10081" status="PASS">
          <reporter-output>
          </reporter-output>
        </test-method> <!-- Verify_addnewBrand -->
        <test-method is-config="true" signature="quite()[pri:0, instance:com.PS.TestCases.TC_MainMaster_Brand@604c5de8]" started-at="2026-01-03T18:25:17 IST" name="quite" finished-at="2026-01-03T18:25:20 IST" duration-ms="2259" status="PASS">
          <reporter-output>
          </reporter-output>
        </test-method> <!-- quite -->
        <test-method is-config="true" signature="setUp()[pri:0, instance:com.PS.TestCases.TC_MainMaster_Brand@604c5de8]" started-at="2026-01-03T18:25:20 IST" name="setUp" finished-at="2026-01-03T18:25:25 IST" duration-ms="5714" status="PASS">
          <reporter-output>
          </reporter-output>
        </test-method> <!-- setUp -->
        <test-method signature="deleteCreatedBrand()[pri:0, instance:com.PS.TestCases.TC_MainMaster_Brand@604c5de8]" started-at="2026-01-03T18:25:25 IST" name="deleteCreatedBrand" finished-at="2026-01-03T18:25:39 IST" depends-on-methods="com.PS.TestCases.TC_MainMaster_Brand.Verify_addnewBrand" duration-ms="14018" status="PASS">
          <reporter-output>
          </reporter-output>
        </test-method> <!-- deleteCreatedBrand -->
        <test-method is-config="true" signature="quite()[pri:0, instance:com.PS.TestCases.TC_MainMaster_Brand@604c5de8]" started-at="2026-01-03T18:25:39 IST" name="quite" finished-at="2026-01-03T18:25:42 IST" duration-ms="2266" status="PASS">
          <reporter-output>
          </reporter-output>
        </test-method> <!-- quite -->
      </class> <!-- com.PS.TestCases.TC_MainMaster_Brand -->
    </test> <!-- Test -->
  </suite> <!-- Suite -->
</testng-results>
