<?xml version="1.0" encoding="UTF-8"?>
<!-- Generated by org.testng.reporters.JUnitReportReporter -->
<testsuite hostname="Tushars-MacBook-Pro.local" failures="0" tests="2" name="com.PS.TestCases.TC_MainMaster_Brand" time="30.385" errors="0" timestamp="2026-01-02T10:21:14 IST" skipped="0">
  <testcase classname="com.PS.TestCases.TC_MainMaster_Brand" name="deleteCreatedBrand" time="17.452"/>
  <testcase classname="com.PS.TestCases.TC_MainMaster_Brand" name="Verify_addnewBrand" time="12.933"/>
</testsuite> <!-- com.PS.TestCases.TC_MainMaster_Brand -->
