<?xml version="1.0" encoding="UTF-8"?>
<!-- Generated by org.testng.reporters.JUnitReportReporter -->
<testsuite hostname="Tushars-MacBook-Pro.local" failures="0" tests="3" name="com.PS.TestCases.TC_Login" time="26.202" errors="0" timestamp="2026-01-06T12:43:55 IST" skipped="0">
  <testcase classname="com.PS.TestCases.TC_Login" name="VerifyLoginFunctionality" time="6.944"/>
  <testcase classname="com.PS.TestCases.TC_Login" name="VerifyLoginFunctionality" time="12.380"/>
  <testcase classname="com.PS.TestCases.TC_Login" name="VerifyLoginFunctionality" time="6.878"/>
</testsuite> <!-- com.PS.TestCases.TC_Login -->
