<?xml version="1.0" encoding="UTF-8"?>
<!-- Generated by org.testng.reporters.JUnitReportReporter -->
<testsuite hostname="Tushars-MacBook-Pro.local" failures="0" tests="2" name="com.PS.TestCases.TC_MainMaster_Worker" time="36.955" errors="0" timestamp="2026-01-02T17:28:01 IST" skipped="0">
  <testcase classname="com.PS.TestCases.TC_MainMaster_Worker" name="verified_AddWorker" time="18.727"/>
  <testcase classname="com.PS.TestCases.TC_MainMaster_Worker" name="Delet_AddedWorker" time="18.228"/>
</testsuite> <!-- com.PS.TestCases.TC_MainMaster_Worker -->
