<?xml version="1.0" encoding="UTF-8"?>
<!-- Generated by org.testng.reporters.JUnitReportReporter -->
<testsuite hostname="Tushars-MacBook-Pro.local" failures="0" tests="2" name="com.PS.TestCases.TC_MainMaster_Vendor" time="35.163" errors="0" timestamp="2026-01-02T18:08:47 IST" skipped="0">
  <testcase classname="com.PS.TestCases.TC_MainMaster_Vendor" name="verify_AddNewVendor" time="17.870"/>
  <testcase classname="com.PS.TestCases.TC_MainMaster_Vendor" name="verify_ConfirmDelete" time="17.293"/>
</testsuite> <!-- com.PS.TestCases.TC_MainMaster_Vendor -->
