<?xml version="1.0" encoding="UTF-8"?>
<!-- Generated by org.testng.reporters.JUnitReportReporter -->
<testsuite hostname="Tushars-MacBook-Pro.local" failures="0" tests="2" name="com.PS.TestCases.TC_MainMaster_Brand" time="41.712" errors="0" timestamp="2026-01-03T18:25:42 IST" skipped="0">
  <testcase classname="com.PS.TestCases.TC_MainMaster_Brand" name="deleteCreatedBrand" time="23.658"/>
  <testcase classname="com.PS.TestCases.TC_MainMaster_Brand" name="Verify_addnewBrand" time="18.054"/>
</testsuite> <!-- com.PS.TestCases.TC_MainMaster_Brand -->
